2026-05-30 21:49:12.593 | DEBUG    | services.voice.wake:_check_wake:219 - wake: listening... chunks=806 peak_oww=0.001 peak_rms=0.000 threshold=0.35
2026-05-30 21:49:17.554 | DEBUG    | services.voice.wake:_check_wake:219 - wake: listening... chunks=868 peak_oww=0.001 peak_rms=0.000 threshold=0.35
2026-05-30 21:49:22.514 | DEBUG    | services.voice.wake:_check_wake:219 - wake: listening... chunks=930 peak_oww=0.001 peak_rms=0.000 threshold=0.35
2026-05-30 21:49:27.474 | DEBUG    | services.voice.wake:_check_wake:219 - wake: listening... chunks=992 peak_oww=0.001 peak_rms=0.000 threshold=0.35
2026-05-30 21:49:31.238 | INFO     | services.voice.wake:_check_wake:244 - wake: trigger detected (score=0.992)
2026-05-30 21:49:32.535 | DEBUG    | pipecat.processors.audio.vad_processor:on_speech_started:71 - VADProcessor#0: User started speaking
2026-05-30 21:49:33.716 | DEBUG    | pipecat.processors.audio.vad_processor:on_speech_stopped:79 - VADProcessor#0: User stopped speaking
2026-05-30 21:49:34.206 | DEBUG    | pipecat.services.whisper.stt:run_stt:380 - Transcription: [ What are you up to right now? ]
2026-05-30 21:49:34.208 | INFO     | services.voice.agent:_load_embed_model:220 - agent: embed model not found at /home/jack/Projects/straylight/models/embed/nomic-embed-text-v1.5.f16.gguf; slow path for all queries
2026-05-30 21:49:34.208 | DEBUG    | services.voice.publisher:publish:26 - event: TranscriptEvent {"text": "What are you up to right now?", "session_id": "1cd434f5efd4", "timestamp_ms": 1780166974208, "channel": "cass:transcript"}
2026-05-30 21:49:34.208 | DEBUG    | services.voice.publisher:publish:26 - event: IntentEvent {"path": "slow", "skill_label": null, "confidence": -1.0, "classifier_source": "disabled", "classifier_ms": 0, "session_id": "1cd434f5efd4", "timestamp_ms": 1780166974208, "channel": "cass:intent"}
2026-05-30 21:49:34.208 | DEBUG    | services.voice.publisher:publish:26 - event: StateEvent {"state": "thinking", "session_id": "1cd434f5efd4", "timestamp_ms": 1780166974208, "channel": "cass:state"}
srv  params_from_: Chat format: peg-gemma4
slot get_availabl: id  2 | task -1 | selected slot by LRU, t_last = -1
srv  get_availabl: updating prompt cache
srv          load:  - looking for better prompt, base f_keep = -1.000, sim = 0.000
srv        update:  - cache state: 0 prompts, 0.000 MiB (limits: 8192.000 MiB, 32768 tokens, 8589934592 est)
srv  get_availabl: prompt cache update took 0.01 ms
slot launch_slot_: id  2 | task -1 | sampler chain: logits -> ?penalties -> ?dry -> ?top-n-sigma -> top-k -> ?typical -> top-p -> min-p -> ?xtc -> temp-ext -> dist 
slot launch_slot_: id  2 | task 3 | processing task, is_child = 0
slot slot_save_an: id  3 | task -1 | saving idle slot to prompt cache
srv   prompt_save:  - saving prompt with length 17, total state size = 0.931 MiB
slot prompt_clear: id  3 | task -1 | clearing prompt with 17 tokens
srv        update:  - cache state: 1 prompts, 0.931 MiB (limits: 8192.000 MiB, 32768 tokens, 149640 est)
srv        update:    - prompt 0x55c47fa3ec60:      17 tokens, checkpoints:  0,     0.931 MiB
slot update_slots: id  2 | task 3 | new prompt, n_ctx_slot = 32768, n_keep = 0, task.n_tokens = 164
slot update_slots: id  2 | task 3 | n_tokens = 0, memory_seq_rm [0, end)
slot update_slots: id  2 | task 3 | prompt processing progress, n_tokens = 160, batch.n_tokens = 160, progress = 0.975610
slot update_slots: id  2 | task 3 | n_tokens = 160, memory_seq_rm [160, end)
slot init_sampler: id  2 | task 3 | init sampler, took 0.02 ms, tokens: text = 164, total = 164
slot update_slots: id  2 | task 3 | prompt processing done, n_tokens = 164, batch.n_tokens = 4
slot create_check: id  2 | task 3 | created context checkpoint 1 of 32 (pos_min = 0, pos_max = 159, n_tokens = 160, size = 6.252 MiB)
srv  log_server_r: done request: POST /v1/chat/completions 127.0.0.1 200
2026-05-30 21:49:38.895 | DEBUG    | services.voice.publisher:publish:26 - event: SpeakingEvent {"state": "start", "text": "", "session_id": "1cd434f5efd4", "timestamp_ms": 1780166978895, "channel": "cass:speaking"}
2026-05-30 21:49:38.896 | DEBUG    | services.voice.publisher:publish:26 - event: StateEvent {"state": "speaking", "session_id": "1cd434f5efd4", "timestamp_ms": 1780166978896, "channel": "cass:state"}
2026-05-30 21:49:39.041 | DEBUG    | pipecat.services.piper.tts:run_tts:164 - PiperTTSService#0: Generating TTS [I am responding to your prompt.]
2026-05-30 21:49:39.124 | DEBUG    | pipecat.transports.base_output:_bot_started_speaking:655 - Bot started speaking
2026-05-30 21:49:39.124 | DEBUG    | pipecat.services.piper.tts:run_tts:180 - PiperTTSService#0: Finished TTS [I am responding to your prompt.]
slot print_timing: id  2 | task 3 | 
prompt eval time =     196.52 ms /   164 tokens (    1.20 ms per token,   834.54 tokens per second)
       eval time =    4701.93 ms /   284 tokens (   16.56 ms per token,    60.40 tokens per second)
      total time =    4898.45 ms /   448 tokens
slot      release: id  2 | task 3 | stop processing: n_tokens = 447, truncated = 0
srv  update_slots: all slots are idle
srv  log_server_r: done request: POST /tokenize 127.0.0.1 200
srv  log_server_r: done request: POST /tokenize 127.0.0.1 200
2026-05-30 21:49:39.167 | DEBUG    | services.voice.publisher:publish:26 - event: SpeakingEvent {"state": "stop", "text": "I am responding to your prompt. How can I help you next?", "session_id": "1cd434f5efd4", "timestamp_ms": 1780166979167, "channel": "cass:speaking"}
2026-05-30 21:49:39.168 | DEBUG    | services.voice.publisher:publish:26 - event: StateEvent {"state": "idle", "session_id": "1cd434f5efd4", "timestamp_ms": 1780166979168, "channel": "cass:state"}
2026-05-30 21:49:39.168 | DEBUG    | services.voice.publisher:publish:26 - event: TurnDiagnosticsEvent {"session_id": "1cd434f5efd4", "path": "slow", "skill_label": null, "model": "cass", "provider": "local", "context_tokens": 170, "output_tokens": 14, "tokens_per_sec": 51.47, "classifier_confidence": -1.0, "classifier_source": "disabled", "classifier_ms": 0, "agent_ms": 4960, "ttfb_ms": 4688, "timestamp_ms": 1780166979168, "channel": "cass:diagnostics"}
2026-05-30 21:49:39.168 | INFO     | services.voice.agent:_process_turn:493 - {"event": "agent_turn", "path": "slow", "skill_label": null, "model": "cass", "provider": "local", "classifier_source": "disabled", "classifier_confidence": -1.0, "classifier_ms": 0, "agent_ms": 4960, "ttfb_ms": 4688, "context_tokens": 170, "output_tokens": 14, "tokens_per_sec": 51.47}
2026-05-30 21:49:39.616 | DEBUG    | pipecat.processors.audio.vad_processor:on_speech_started:71 - VADProcessor#0: User started speaking
2026-05-30 21:49:41.275 | DEBUG    | pipecat.processors.audio.vad_processor:on_speech_stopped:79 - VADProcessor#0: User stopped speaking
2026-05-30 21:49:41.719 | DEBUG    | pipecat.services.whisper.stt:run_stt:380 - Transcription: [ I am responding to your prompt. ]
2026-05-30 21:49:41.723 | DEBUG    | services.voice.publisher:publish:26 - event: TranscriptEvent {"text": "I am responding to your prompt.", "session_id": "1cd434f5efd4", "timestamp_ms": 1780166981723, "channel": "cass:transcript"}
2026-05-30 21:49:41.723 | DEBUG    | services.voice.publisher:publish:26 - event: IntentEvent {"path": "slow", "skill_label": null, "confidence": -1.0, "classifier_source": "disabled", "classifier_ms": 0, "session_id": "1cd434f5efd4", "timestamp_ms": 1780166981723, "channel": "cass:intent"}
2026-05-30 21:49:41.723 | DEBUG    | services.voice.publisher:publish:26 - event: StateEvent {"state": "thinking", "session_id": "1cd434f5efd4", "timestamp_ms": 1780166981723, "channel": "cass:state"}
srv  params_from_: Chat format: peg-gemma4
slot get_availabl: id  2 | task -1 | selected slot by LCP similarity, sim_best = 0.841 (> 0.100 thold), f_keep = 0.367
srv  get_availabl: updating prompt cache
srv   prompt_save:  - saving prompt with length 447, total state size = 24.456 MiB
srv          load:  - looking for better prompt, base f_keep = 0.367, sim = 0.841
srv        update:  - cache state: 2 prompts, 31.639 MiB (limits: 8192.000 MiB, 32768 tokens, 120139 est)
srv        update:    - prompt 0x55c47fa3ec60:      17 tokens, checkpoints:  0,     0.931 MiB
srv        update:    - prompt 0x55c47fa14da0:     447 tokens, checkpoints:  1,    30.708 MiB
srv  get_availabl: prompt cache update took 17.82 ms
slot launch_slot_: id  2 | task -1 | sampler chain: logits -> ?penalties -> ?dry -> ?top-n-sigma -> top-k -> ?typical -> top-p -> min-p -> ?xtc -> temp-ext -> dist 
slot launch_slot_: id  2 | task 289 | processing task, is_child = 0
slot update_slots: id  2 | task 289 | new prompt, n_ctx_slot = 32768, n_keep = 0, task.n_tokens = 195
slot update_slots: id  2 | task 289 | n_past = 164, slot.prompt.tokens.size() = 447, seq_id = 2, pos_min = 0, n_swa = 512
slot update_slots: id  2 | task 289 | Checking checkpoint with [0, 159] against 0...
slot update_slots: id  2 | task 289 | restored context checkpoint (pos_min = 0, pos_max = 159, n_tokens = 160, n_past = 159, size = 6.252 MiB)
slot update_slots: id  2 | task 289 | n_tokens = 159, memory_seq_rm [159, end)
slot update_slots: id  2 | task 289 | prompt processing progress, n_tokens = 191, batch.n_tokens = 32, progress = 0.979487
slot update_slots: id  2 | task 289 | n_tokens = 191, memory_seq_rm [191, end)
slot init_sampler: id  2 | task 289 | init sampler, took 0.02 ms, tokens: text = 195, total = 195
slot update_slots: id  2 | task 289 | prompt processing done, n_tokens = 195, batch.n_tokens = 4
srv  log_server_r: done request: POST /v1/chat/completions 127.0.0.1 200
2026-05-30 21:49:42.125 | DEBUG    | pipecat.services.tts_service:push_frame:800 - PiperTTSService#0 cleaning up TTS context d4cf22fb-f06a-4702-ba3e-e244e356da8a
2026-05-30 21:49:42.126 | DEBUG    | services.voice.wake:process_frame:184 - wake: bot done speaking → back to sleeping
2026-05-30 21:49:42.126 | DEBUG    | pipecat.transports.base_output:_handle_frame:749 - Bot stopped speaking based on TTSStoppedFrame
2026-05-30 21:49:42.126 | DEBUG    | pipecat.transports.base_output:_bot_stopped_speaking:683 - Bot stopped speaking
2026-05-30 21:49:43.315 | DEBUG    | services.voice.wake:_check_wake:219 - wake: listening... chunks=1054 peak_oww=0.992 peak_rms=0.083 threshold=0.35
2026-05-30 21:49:46.003 | DEBUG    | services.voice.publisher:publish:26 - event: SpeakingEvent {"state": "start", "text": "", "session_id": "1cd434f5efd4", "timestamp_ms": 1780166986003, "channel": "cass:speaking"}
2026-05-30 21:49:46.003 | DEBUG    | services.voice.publisher:publish:26 - event: StateEvent {"state": "speaking", "session_id": "1cd434f5efd4", "timestamp_ms": 1780166986003, "channel": "cass:state"}
slot print_timing: id  2 | task 289 | 
prompt eval time =      61.85 ms /    36 tokens (    1.72 ms per token,   582.06 tokens per second)
       eval time =    4317.54 ms /   258 tokens (   16.73 ms per token,    59.76 tokens per second)
      total time =    4379.39 ms /   294 tokens
slot      release: id  2 | task 289 | stop processing: n_tokens = 452, truncated = 0
srv  update_slots: all slots are idle
srv  log_server_r: done request: POST /tokenize 127.0.0.1 200
srv  log_server_r: done request: POST /tokenize 127.0.0.1 200
2026-05-30 21:49:46.176 | DEBUG    | services.voice.publisher:publish:26 - event: SpeakingEvent {"state": "stop", "text": "Do you have a question for me?", "session_id": "1cd434f5efd4", "timestamp_ms": 1780166986176, "channel": "cass:speaking"}
2026-05-30 21:49:46.177 | DEBUG    | services.voice.publisher:publish:26 - event: StateEvent {"state": "idle", "session_id": "1cd434f5efd4", "timestamp_ms": 1780166986177, "channel": "cass:state"}
2026-05-30 21:49:46.177 | DEBUG    | services.voice.publisher:publish:26 - event: TurnDiagnosticsEvent {"session_id": "1cd434f5efd4", "path": "slow", "skill_label": null, "model": "cass", "provider": "local", "context_tokens": 191, "output_tokens": 8, "tokens_per_sec": 46.1, "classifier_confidence": -1.0, "classifier_source": "disabled", "classifier_ms": 0, "agent_ms": 4454, "ttfb_ms": 4280, "timestamp_ms": 1780166986177, "channel": "cass:diagnostics"}
2026-05-30 21:49:46.177 | INFO     | services.voice.agent:_process_turn:493 - {"event": "agent_turn", "path": "slow", "skill_label": null, "model": "cass", "provider": "local", "classifier_source": "disabled", "classifier_confidence": -1.0, "classifier_ms": 0, "agent_ms": 4454, "ttfb_ms": 4280, "context_tokens": 191, "output_tokens": 8, "tokens_per_sec": 46.1}
2026-05-30 21:49:48.275 | DEBUG    | services.voice.wake:_check_wake:219 - wake: listening... chunks=1116 peak_oww=0.992 peak_rms=0.083 threshold=0.35
2026-05-30 21:49:53.235 | DEBUG    | services.voice.wake:_check_wake:219 - wake: listening... chunks=1178 peak_oww=0.992 peak_rms=0.083 threshold=0.35
2026-05-30 21:49:56.998 | INFO     | services.voice.wake:_check_wake:244 - wake: trigger detected (score=0.471)
2026-05-30 21:49:59.277 | DEBUG    | pipecat.processors.audio.vad_processor:on_speech_started:71 - VADProcessor#0: User started speaking
2026-05-30 21:50:00.077 | DEBUG    | pipecat.processors.audio.vad_processor:on_speech_stopped:79 - VADProcessor#0: User stopped speaking
2026-05-30 21:50:00.523 | DEBUG    | pipecat.services.whisper.stt:run_stt:380 - Transcription: [ Are you clever? ]
2026-05-30 21:50:00.525 | DEBUG    | services.voice.publisher:publish:26 - event: TranscriptEvent {"text": "Are you clever?", "session_id": "1cd434f5efd4", "timestamp_ms": 1780167000525, "channel": "cass:transcript"}
2026-05-30 21:50:00.525 | DEBUG    | services.voice.publisher:publish:26 - event: IntentEvent {"path": "slow", "skill_label": null, "confidence": -1.0, "classifier_source": "disabled", "classifier_ms": 0, "session_id": "1cd434f5efd4", "timestamp_ms": 1780167000525, "channel": "cass:intent"}
2026-05-30 21:50:00.525 | DEBUG    | services.voice.publisher:publish:26 - event: StateEvent {"state": "thinking", "session_id": "1cd434f5efd4", "timestamp_ms": 1780167000525, "channel": "cass:state"}
srv  params_from_: Chat format: peg-gemma4
slot get_availabl: id  2 | task -1 | selected slot by LCP similarity, sim_best = 0.899 (> 0.100 thold), f_keep = 0.431
srv  get_availabl: updating prompt cache
srv   prompt_save:  - saving prompt with length 452, total state size = 24.730 MiB
srv          load:  - looking for better prompt, base f_keep = 0.431, sim = 0.899
srv        update:  - cache state: 3 prompts, 62.621 MiB (limits: 8192.000 MiB, 32768 tokens, 119829 est)
srv        update:    - prompt 0x55c47fa3ec60:      17 tokens, checkpoints:  0,     0.931 MiB
srv        update:    - prompt 0x55c47fa14da0:     447 tokens, checkpoints:  1,    30.708 MiB
srv        update:    - prompt 0x55c48282a780:     452 tokens, checkpoints:  1,    30.982 MiB
srv  get_availabl: prompt cache update took 19.00 ms
slot launch_slot_: id  2 | task -1 | sampler chain: logits -> ?penalties -> ?dry -> ?top-n-sigma -> top-k -> ?typical -> top-p -> min-p -> ?xtc -> temp-ext -> dist 
slot launch_slot_: id  2 | task 549 | processing task, is_child = 0
slot update_slots: id  2 | task 549 | new prompt, n_ctx_slot = 32768, n_keep = 0, task.n_tokens = 217
slot update_slots: id  2 | task 549 | n_past = 195, slot.prompt.tokens.size() = 452, seq_id = 2, pos_min = 0, n_swa = 512
slot update_slots: id  2 | task 549 | Checking checkpoint with [0, 159] against 0...
slot update_slots: id  2 | task 549 | restored context checkpoint (pos_min = 0, pos_max = 159, n_tokens = 160, n_past = 159, size = 6.252 MiB)
slot update_slots: id  2 | task 549 | n_tokens = 159, memory_seq_rm [159, end)
slot update_slots: id  2 | task 549 | prompt processing progress, n_tokens = 213, batch.n_tokens = 54, progress = 0.981567
slot update_slots: id  2 | task 549 | n_tokens = 213, memory_seq_rm [213, end)
slot init_sampler: id  2 | task 549 | init sampler, took 0.02 ms, tokens: text = 217, total = 217
slot update_slots: id  2 | task 549 | prompt processing done, n_tokens = 217, batch.n_tokens = 4
srv  log_server_r: done request: POST /v1/chat/completions 127.0.0.1 200
2026-05-30 21:50:00.643 | DEBUG    | services.voice.publisher:publish:26 - event: SpeakingEvent {"state": "start", "text": "", "session_id": "1cd434f5efd4", "timestamp_ms": 1780167000643, "channel": "cass:speaking"}
2026-05-30 21:50:00.643 | DEBUG    | services.voice.publisher:publish:26 - event: StateEvent {"state": "speaking", "session_id": "1cd434f5efd4", "timestamp_ms": 1780167000643, "channel": "cass:state"}
2026-05-30 21:50:00.764 | DEBUG    | pipecat.services.piper.tts:run_tts:164 - PiperTTSService#0: Generating TTS [How can I help you next?Do you have a question for me?I process information to answer questions.]
2026-05-30 21:50:00.978 | DEBUG    | pipecat.transports.base_output:_bot_started_speaking:655 - Bot started speaking
2026-05-30 21:50:00.979 | DEBUG    | pipecat.services.piper.tts:run_tts:180 - PiperTTSService#0: Finished TTS [How can I help you next?Do you have a question for me?I process information to answer questions.]
2026-05-30 21:50:00.979 | DEBUG    | pipecat.services.piper.tts:run_tts:164 - PiperTTSService#0: Generating TTS [I do not possess human intelligence.]
slot print_timing: id  2 | task 549 | 
prompt eval time =      72.28 ms /    58 tokens (    1.25 ms per token,   802.48 tokens per second)
       eval time =     364.80 ms /    22 tokens (   16.58 ms per token,    60.31 tokens per second)
      total time =     437.07 ms /    80 tokens
slot      release: id  2 | task 549 | stop processing: n_tokens = 238, truncated = 0
srv  update_slots: all slots are idle
srv  log_server_r: done request: POST /tokenize 127.0.0.1 200
srv  log_server_r: done request: POST /tokenize 127.0.0.1 200
2026-05-30 21:50:01.057 | DEBUG    | services.voice.publisher:publish:26 - event: SpeakingEvent {"state": "stop", "text": "I process information to answer questions. I do not possess human intelligence. What do you need help with?", "session_id": "1cd434f5efd4", "timestamp_ms": 1780167001057, "channel": "cass:speaking"}
2026-05-30 21:50:01.057 | DEBUG    | services.voice.publisher:publish:26 - event: StateEvent {"state": "idle", "session_id": "1cd434f5efd4", "timestamp_ms": 1780167001057, "channel": "cass:state"}
2026-05-30 21:50:01.057 | DEBUG    | services.voice.publisher:publish:26 - event: TurnDiagnosticsEvent {"session_id": "1cd434f5efd4", "path": "slow", "skill_label": null, "model": "cass", "provider": "local", "context_tokens": 222, "output_tokens": 21, "tokens_per_sec": 50.73, "classifier_confidence": -1.0, "classifier_source": "disabled", "classifier_ms": 0, "agent_ms": 532, "ttfb_ms": 118, "timestamp_ms": 1780167001057, "channel": "cass:diagnostics"}
2026-05-30 21:50:01.057 | INFO     | services.voice.agent:_process_turn:493 - {"event": "agent_turn", "path": "slow", "skill_label": null, "model": "cass", "provider": "local", "classifier_source": "disabled", "classifier_confidence": -1.0, "classifier_ms": 0, "agent_ms": 532, "ttfb_ms": 118, "context_tokens": 222, "output_tokens": 21, "tokens_per_sec": 50.73}
2026-05-30 21:50:01.063 | DEBUG    | pipecat.services.piper.tts:run_tts:180 - PiperTTSService#0: Finished TTS [I do not possess human intelligence.]
2026-05-30 21:50:01.617 | DEBUG    | pipecat.processors.audio.vad_processor:on_speech_started:71 - VADProcessor#0: User started speaking
2026-05-30 21:50:02.377 | DEBUG    | pipecat.processors.audio.vad_processor:on_speech_stopped:79 - VADProcessor#0: User stopped speaking
2026-05-30 21:50:03.797 | DEBUG    | pipecat.processors.audio.vad_processor:on_speech_started:71 - VADProcessor#0: User started speaking
2026-05-30 21:50:03.980 | DEBUG    | pipecat.services.tts_service:push_frame:800 - PiperTTSService#0 cleaning up TTS context 577364c6-877e-4a21-afc6-faa59fda4608
2026-05-30 21:50:03.983 | DEBUG    | services.voice.wake:process_frame:184 - wake: bot done speaking → back to sleeping
2026-05-30 21:50:04.977 | WARNING  | pipecat.audio.vad.vad_controller:_audio_idle_handler:210 - VADController#0: no audio received while speaking, forcing speech stop
2026-05-30 21:50:04.977 | DEBUG    | pipecat.processors.audio.vad_processor:on_speech_stopped:79 - VADProcessor#0: User stopped speaking
2026-05-30 21:50:05.422 | DEBUG    | services.voice.wake:_check_wake:219 - wake: listening... chunks=1240 peak_oww=0.992 peak_rms=0.083 threshold=0.35
2026-05-30 21:50:06.981 | DEBUG    | pipecat.services.tts_service:push_frame:800 - PiperTTSService#0 cleaning up TTS context e77acb2b-2ee0-4b7f-9c27-3befde547ca3
2026-05-30 21:50:07.638 | DEBUG    | pipecat.transports.base_output:_handle_frame:749 - Bot stopped speaking based on TTSStoppedFrame
2026-05-30 21:50:07.638 | DEBUG    | pipecat.transports.base_output:_bot_stopped_speaking:683 - Bot stopped speaking
2026-05-30 21:50:07.639 | DEBUG    | pipecat.transports.base_output:_bot_started_speaking:655 - Bot started speaking
2026-05-30 21:50:10.078 | DEBUG    | pipecat.transports.base_output:_handle_frame:749 - Bot stopped speaking based on TTSStoppedFrame
2026-05-30 21:50:10.078 | DEBUG    | pipecat.transports.base_output:_bot_stopped_speaking:683 - Bot stopped speaking
2026-05-30 21:50:10.236 | DEBUG    | services.voice.wake:_check_wake:219 - wake: listening... chunks=1302 peak_oww=0.992 peak_rms=0.083 threshold=0.35